<?xml version="1.0" encoding="UTF-8"?>
<!-- Generated by org.testng.reporters.JUnitReportReporter -->
<testsuite hostname="CPX-N7OB2Q4LRKZ" failures="0" tests="1" name="com.practice.testCases.TC_001" time="2.718" errors="0" timestamp="2021-12-21T22:18:12 GMT" skipped="0">
  <testcase classname="com.practice.testCases.TC_001" name="login" time="2.718"/>
  <system-out/>
</testsuite> <!-- com.practice.testCases.TC_001 -->
